Microsoft HTML Help Compiler 4.74.8702

Compiling e:\repos\trunk\apptool\WindowsApplication1\help\mainhelp.chm

Table of Contents.hhc
HHC6000: Error: An internal file could not be created. Make certain there is enough disk space on the drive where you are compiling your file.
HHC5007: Error: Fatal navigational compilation error. This is likely the result of an invalid contents (.hhc) file.


The following files were not compiled:
Microsoft HTML Help Compiler 4.74.8702

Compiling e:\repos\trunk\apptool\WindowsApplication1\help\mainhelp.chm

Table of Contents.hhc
HHC6000: Error: An internal file could not be created. Make certain there is enough disk space on the drive where you are compiling your file.
HHC5007: Error: Fatal navigational compilation error. This is likely the result of an invalid contents (.hhc) file.


The following files were not compiled:
Microsoft HTML Help Compiler 4.74.8702

Compiling e:\repos\trunk\apptool\WindowsApplication1\help\mainhelp.chm

HHC6000: Error: An internal file could not be created. Make certain there is enough disk space on the drive where you are compiling your file.
HHC5007: Error: Fatal navigational compilation error. This is likely the result of an invalid contents (.hhc) file.


The following files were not compiled:
Microsoft HTML Help Compiler 4.74.8702

Compiling e:\repos\trunk\apptool\WindowsApplication1\help\mainhelp.chm


Compile time: 0 minutes, 1 second
2	Topics
3	Local links
0	Internet links
0	Graphics


Created e:\repos\trunk\apptool\WindowsApplication1\help\mainhelp.chm, 10,790 bytes
Compression increased file by 9,696 bytes.
Microsoft HTML Help Compiler 4.74.8702

Compiling e:\repos\trunk\apptool\WindowsApplication1\help\mainhelp.chm


Compile time: 0 minutes, 1 second
2	Topics
3	Local links
0	Internet links
0	Graphics


Created e:\repos\trunk\apptool\WindowsApplication1\help\mainhelp.chm, 10,788 bytes
Compression increased file by 9,694 bytes.
Microsoft HTML Help Compiler 4.74.8702

Compiling e:\repos\trunk\apptool\WindowsApplication1\help\mainhelp.chm


Compile time: 0 minutes, 1 second
2	Topics
3	Local links
0	Internet links
0	Graphics


Created e:\repos\trunk\apptool\WindowsApplication1\help\mainhelp.chm, 10,790 bytes
Compression increased file by 9,696 bytes.
HHC5010: Error: Cannot open "e:\repos\trunk\apptool\WindowsApplication1\help\mainhelp.chm". Compilation stopped.
Microsoft HTML Help Compiler 4.74.8702

Compiling e:\repos\trunk\apptool\WindowsApplication1\help\mainhelp.chm


Compile time: 0 minutes, 1 second
3	Topics
4	Local links
0	Internet links
0	Graphics


Created e:\repos\trunk\apptool\WindowsApplication1\help\mainhelp.chm, 10,842 bytes
Compression increased file by 9,611 bytes.
Microsoft HTML Help Compiler 4.74.8702

Compiling e:\repos\trunk\apptool\WindowsApplication1\help\mainhelp.chm


Compile time: 0 minutes, 1 second
3	Topics
4	Local links
0	Internet links
0	Graphics


Created e:\repos\trunk\apptool\WindowsApplication1\help\mainhelp.chm, 11,002 bytes
Compression increased file by 9,771 bytes.
Microsoft HTML Help Compiler 4.74.8702

Compiling e:\repos\trunk\apptool\WindowsApplication1\help\mainhelp.chm


Compile time: 0 minutes, 1 second
3	Topics
5	Local links
0	Internet links
0	Graphics


Created e:\repos\trunk\apptool\WindowsApplication1\help\mainhelp.chm, 11,052 bytes
Compression increased file by 9,579 bytes.
Microsoft HTML Help Compiler 4.74.8702

Compiling e:\repos\trunk\apptool\WindowsApplication1\help\mainhelp.chm


Compile time: 0 minutes, 1 second
3	Topics
5	Local links
0	Internet links
0	Graphics


Created e:\repos\trunk\apptool\WindowsApplication1\help\mainhelp.chm, 11,118 bytes
Compression increased file by 9,431 bytes.
