7|Echo
11|Active Users
13|Daytime
17|Quote of the Day
18|Message Send Protocol
20|File Transfer
21|File Transfer Protocol
22|SSH Remote Login
23|Telnet
25|Simple Mail Transfer
31|Master Paradise
37|Time
42|WINS Host Name Server
43|Who Is
49|TACACS
50|Remote Mail Checking
53|DNS
58|XNS Mail
63|Who Is ++
65|TACACS-Database Service
66|Oracle SQL
67|Bootstrap Protocol Server
68|Bootstrap Protocol Client
69|TFTP
70|Gophe
79|Finger
80|WWW
81|HOSTS2 Name Server
88|Kerberos
92|Network Printing Protocol
101|NIC Host Name Server
107|Remote Telnet Service
108|SNA Gateway Access Server
110|POP3
111|SUN Remote Procedure Call
118|SQL Services
119|NNTP
121|BO jammerkillahV
123|Network Time Protocol
130|cisco FNATIVE
131|cisco TNATIVE
132|cisco SYSMAINT
137|NETBIOS Name Service
138|NETBIOS Datagram Service
139|NETBIOS Session Service
144|News
156|SQL Service
158|PCMail Server
161|SNMP
162|SNMPTRAP
174|MAILQ
201|AppleTalk Routing Maintenance
202|AppleTalk Name Binding
203|AppleTalk Unused
204|AppleTalk Echo
205|AppleTalk Unused
206|AppleTalk Zone Information
207|AppleTalk Unused
208|AppleTalk Unused
209|The Quick Mail Transfer Protocol
216|Computer Associates Int'l License Server
280|HTTP-Mgmt
389|LDAP
414|InfoSeek
443|HTTPS
445|Microsoft-DS
456|HackersParadise
464|Kpasswd
524|NCP
525|Time Server
529|IRC-SERV
546|DHCPv6 Client
547|DHCPv6 Server
555|Phase Zero
565|Whoami
568|Microsoft shuttle
569|Microsoft rome
614|SSLshell
666|Attack FTP
1001|Silencer
1010|Doly Trojan 1.30 (Subm.Cronco)
1011|Doly Trojan 1.1+1.2
1015|Doly Trojan 1.5 (Subm.Cronco)
1033|Netspy
1042|Bla1.1
1089|SocksServer Trojan
1110|Cluster status info
1170|Streaming Audio Trojan
1207|SoftWar
1243|SubSeven
1245|Vodoo
1269|Maverick's Matrix
1393|Network Log Server
1394|Network Log Client
1492|FTP99CMP
1509|PsyberStreamingServer Nikhil G.
1600|Shiva Burka
1807|SpySender
1981|ShockRave
1999|Transcout 1.1 + 1.2
2001|DerSpaeher 3
2023|Pass Ripper
2140|The Invasor  Nikhil G.
2283|HVL Rat5
2565|Striker
2583|Wincrash V2.0 Trojan
2801|Phineas Trojan
3791|Total Eclypse (FTP)
3883|Deep Throat 2 Trojan
4567|FileNail Danny
4950|IcqTrojan
5000|Socket23
5011|OOTLT
5031|NetMetro1.0
5190|America-Online
5191|AmericaOnline1
5192|AmericaOnline2
5193|AmericaOnline3
5400|BladeRunner
5521|IllusionMailer
5550|XTCP 2.0 + 2.01
5569|RoboHack
5631|pcANYWHEREdata
5632|pcANYWHEREstat
5742|Wincrash
5745|Fcopy-server
5755|OpenMail Desk Gateway server
5757|OpenMail X.500 Directory Server
5766|OpenMail NewMail Server
5767|OpenMail Suer Agent Layer
5800|VNC Web Interface
5900|VNC
6000|6000-6063 X Window System
6400|The tHing
6669|Vampire 1.0
6670|Deep Throat
6883|DeltaSource (DarkStar)
6912|Shitheep
6939|Indoctrination
7306|NetMonitor
7789|iCkiller
8010|Wingate Logfile
8080|Standard HTTP Proxy
9100|HP JetDirect Printer Server
9872|PortalOfDoom
9875|Portal of Doom
9989|InIkiller
10607|Coma Danny
11000|SennaSpyTrojans
11223|ProgenicTrojan
12076|Gjamer
12223|Hack´99 KeyLogger
12345|Win95/NT Netbus Trojan
12346|NetBus 1.x
12701|Eclipse 2000
16969|Priotrity
20000|Millenium
20001|Millenium Trojan
20024|Netbus 2.0 Pro Trojan
20034|NetBus Pro
20203|Chupacabra
20331|Bla
21554|GirlFriend
22222|Prosiak 0.47
23456|EvilFtp
27374|Sub-7 2.1
29891|The Unexplained
30029|AOLTrojan1.1
30100|NetSphere
30303|Socket25
30999|Kuang
31787|Hack'a'tack
33911|Trojan Spirit 2001 a
34324|Tiny Telnet Server
40412|TheSpy
40423|Master Paradise
50766|Fore
53001|RemoteWindowsShutdown
54320|Back Orifice 2000
54321|Schoolbus 1.6+2.0
61466|Telecommando
65000|Devil Trojan
